# JRE version: Java(TM) SE Runtime Environment (8.0_05-b13) (build 1.8.0_05-b13)
# Java VM: Java HotSpot(TM) Client VM (25.5-b02 mixed mode, sharing windows-x86 )
Heap:
 def new generation   total 4928K, used 4156K [0x04400000, 0x04950000, 0x09950000)
  eden space 4416K,  92% used [0x04400000, 0x04801360, 0x04850000)
  from space 512K,  10% used [0x048d0000, 0x048de000, 0x04950000)
  to   space 512K,   0% used [0x04850000, 0x04850000, 0x048d0000)
 tenured generation   total 10944K, used 2525K [0x09950000, 0x0a400000, 0x14400000)
   the space 10944K,  23% used [0x09950000, 0x09bc7690, 0x09bc7800, 0x0a400000)
 Metaspace       used 1135K, capacity 2425K, committed 2496K, reserved 4480K
GC Heap History (6 events):
Event: 0.393 GC heap before
{Heap before GC invocations=0 (full 0):
 def new generation   total 4928K, used 4304K [0x04400000, 0x04950000, 0x09950000)
  eden space 4416K,  97% used [0x04400000, 0x048343c0, 0x04850000)
  from space 512K,   0% used [0x04850000, 0x04850000, 0x048d0000)
  to   space 512K,   0% used [0x048d0000, 0x048d0000, 0x04950000)
 tenured generation   total 10944K, used 0K [0x09950000, 0x0a400000, 0x14400000)
   the space 10944K,   0% used [0x09950000, 0x09950000, 0x09950200, 0x0a400000)
 Metaspace       used 1111K, capacity 2422K, committed 2496K, reserved 4480K
Event: 0.399 GC heap after
Heap after GC invocations=1 (full 0):
 def new generation   total 4928K, used 512K [0x04400000, 0x04950000, 0x09950000)
  eden space 4416K,   0% used [0x04400000, 0x04400000, 0x04850000)
  from space 512K, 100% used [0x048d0000, 0x04950000, 0x04950000)
  to   space 512K,   0% used [0x04850000, 0x04850000, 0x048d0000)
 tenured generation   total 10944K, used 1295K [0x09950000, 0x0a400000, 0x14400000)
   the space 10944K,  11% used [0x09950000, 0x09a93ea8, 0x09a94000, 0x0a400000)
 Metaspace       used 1111K, capacity 2422K, committed 2496K, reserved 4480K
}
Event: 12.998 GC heap before
{Heap before GC invocations=1 (full 0):
 def new generation   total 4928K, used 4928K [0x04400000, 0x04950000, 0x09950000)
  eden space 4416K, 100% used [0x04400000, 0x04850000, 0x04850000)
  from space 512K, 100% used [0x048d0000, 0x04950000, 0x04950000)
  to   space 512K,   0% used [0x04850000, 0x04850000, 0x048d0000)
 tenured generation   total 10944K, used 1295K [0x09950000, 0x0a400000, 0x14400000)
   the space 10944K,  11% used [0x09950000, 0x09a93ea8, 0x09a94000, 0x0a400000)
 Metaspace       used 1128K, capacity 2425K, committed 2496K, reserved 4480K
Event: 13.003 GC heap after
Heap after GC invocations=2 (full 0):
 def new generation   total 4928K, used 443K [0x04400000, 0x04950000, 0x09950000)
  eden space 4416K,   0% used [0x04400000, 0x04400000, 0x04850000)
  from space 512K,  86% used [0x04850000, 0x048bee78, 0x048d0000)
  to   space 512K,   0% used [0x048d0000, 0x048d0000, 0x04950000)
 tenured generation   total 10944K, used 2107K [0x09950000, 0x0a400000, 0x14400000)
   the space 10944K,  19% used [0x09950000, 0x09b5edf8, 0x09b5ee00, 0x0a400000)
 Metaspace       used 1128K, capacity 2425K, committed 2496K, reserved 4480K
}
Event: 29.287 GC heap before
{Heap before GC invocations=2 (full 0):
 def new generation   total 4928K, used 4859K [0x04400000, 0x04950000, 0x09950000)
  eden space 4416K, 100% used [0x04400000, 0x04850000, 0x04850000)
  from space 512K,  86% used [0x04850000, 0x048bee78, 0x048d0000)
  to   space 512K,   0% used [0x048d0000, 0x048d0000, 0x04950000)
 tenured generation   total 10944K, used 2107K [0x09950000, 0x0a400000, 0x14400000)
   the space 10944K,  19% used [0x09950000, 0x09b5edf8, 0x09b5ee00, 0x0a400000)
 Metaspace       used 1128K, capacity 2425K, committed 2496K, reserved 4480K
Event: 29.290 GC heap after
Heap after GC invocations=3 (full 0):
 def new generation   total 4928K, used 56K [0x04400000, 0x04950000, 0x09950000)
  eden space 4416K,   0% used [0x04400000, 0x04400000, 0x04850000)
  from space 512K,  10% used [0x048d0000, 0x048de000, 0x04950000)
  to   space 512K,   0% used [0x04850000, 0x04850000, 0x048d0000)
 tenured generation   total 10944K, used 2525K [0x09950000, 0x0a400000, 0x14400000)
   the space 10944K,  23% used [0x09950000, 0x09bc7690, 0x09bc7800, 0x0a400000)
 Metaspace       used 1128K, capacity 2425K, committed 2496K, reserved 4480K
}

